[0.228s] [34mcolcon[0m [1;30mDEBUG[0m [32mCommand line arguments: ['/usr/bin/colcon', 'build', '--symlink-install', '--packages-select', 'calixto-ros-bot'][0m
[0.229s] [34mcolcon[0m [1;30mDEBUG[0m [32mParsed command line arguments: Namespace(log_base=None, log_level=None, verb_name='build', build_base='build', install_base='install', merge_install=False, symlink_install=True, test_result_base=None, continue_on_error=False, executor='parallel', parallel_workers=4, event_handlers=None, ignore_user_meta=False, metas=['./colcon.meta'], base_paths=['.'], packages_ignore=None, packages_ignore_regex=None, paths=None, packages_up_to=None, packages_up_to_regex=None, packages_above=None, packages_above_and_dependencies=None, packages_above_depth=None, packages_select_by_dep=None, packages_skip_by_dep=None, packages_skip_up_to=None, packages_select_build_failed=False, packages_skip_build_finished=False, packages_select_test_failures=False, packages_skip_test_passed=False, packages_select=['calixto-ros-bot'], packages_skip=None, packages_select_regex=None, packages_skip_regex=None, packages_start=None, packages_end=None, allow_overriding=[], cmake_args=None, cmake_target=None, cmake_target_skip_unavailable=False, cmake_clean_cache=False, cmake_clean_first=False, cmake_force_configure=False, ament_cmake_args=None, catkin_cmake_args=None, catkin_skip_building_tests=False, mixin_files=None, mixin=None, verb_parser=<colcon_mixin.mixin.mixin_argument.MixinArgumentDecorator object at 0x7725dc852c80>, verb_extension=<colcon_core.verb.build.BuildVerb object at 0x7725dc990340>, main=<bound method BuildVerb.main of <colcon_core.verb.build.BuildVerb object at 0x7725dc990340>>, mixin_verb=('build',))[0m
[0.671s] [34mcolcon.colcon_core.package_discovery[0m [1;30mLevel 1[0m discover_packages(colcon_meta) check parameters
[0.671s] [34mcolcon.colcon_core.package_discovery[0m [1;30mLevel 1[0m discover_packages(recursive) check parameters
[0.671s] [34mcolcon.colcon_core.package_discovery[0m [1;30mLevel 1[0m discover_packages(ignore) check parameters
[0.671s] [34mcolcon.colcon_core.package_discovery[0m [1;30mLevel 1[0m discover_packages(path) check parameters
[0.671s] [34mcolcon.colcon_core.package_discovery[0m [1;30mLevel 1[0m discover_packages(colcon_meta) discover
[0.672s] [34mcolcon.colcon_core.package_discovery[0m [1;30mLevel 1[0m discover_packages(recursive) discover
[0.672s] [34mcolcon.colcon_core.package_discovery[0m [1;30mINFO[0m Crawling recursively for packages in '/media/drive_b/anandhu/ros2_ws_apr/src/calixto-ros-bot'
[0.672s] [34mcolcon.colcon_core.package_identification[0m [1;30mLevel 1[0m _identify(.) by extensions ['ignore', 'ignore_ament_install']
[0.672s] [34mcolcon.colcon_core.package_identification[0m [1;30mLevel 1[0m _identify(.) by extension 'ignore'
[0.672s] [34mcolcon.colcon_core.package_identification[0m [1;30mLevel 1[0m _identify(.) by extension 'ignore_ament_install'
[0.672s] [34mcolcon.colcon_core.package_identification[0m [1;30mLevel 1[0m _identify(.) by extensions ['colcon_pkg']
[0.672s] [34mcolcon.colcon_core.package_identification[0m [1;30mLevel 1[0m _identify(.) by extension 'colcon_pkg'
[0.672s] [34mcolcon.colcon_core.package_identification[0m [1;30mLevel 1[0m _identify(.) by extensions ['colcon_meta']
[0.672s] [34mcolcon.colcon_core.package_identification[0m [1;30mLevel 1[0m _identify(.) by extension 'colcon_meta'
[0.672s] [34mcolcon.colcon_core.package_identification[0m [1;30mLevel 1[0m _identify(.) by extensions ['ros']
[0.673s] [34mcolcon.colcon_core.package_identification[0m [1;30mLevel 1[0m _identify(.) by extension 'ros'
[0.729s] [34mcolcon.colcon_core.package_identification[0m [1;30mDEBUG[0m [32mPackage '.' with type 'ros.ament_cmake' and name 'calixto-ros-bot'[0m
[0.729s] [34mcolcon.colcon_core.package_discovery[0m [1;30mLevel 1[0m discover_packages(recursive) using defaults
[0.729s] [34mcolcon.colcon_core.package_discovery[0m [1;30mLevel 1[0m discover_packages(ignore) discover
[0.730s] [34mcolcon.colcon_core.package_discovery[0m [1;30mLevel 1[0m discover_packages(ignore) using defaults
[0.730s] [34mcolcon.colcon_core.package_discovery[0m [1;30mLevel 1[0m discover_packages(path) discover
[0.730s] [34mcolcon.colcon_core.package_discovery[0m [1;30mLevel 1[0m discover_packages(path) using defaults
[0.757s] [34mcolcon.colcon_core.package_discovery[0m [1;30mLevel 1[0m discover_packages(prefix_path) check parameters
[0.757s] [34mcolcon.colcon_core.package_discovery[0m [1;30mLevel 1[0m discover_packages(prefix_path) discover
[0.758s] [34mcolcon.colcon_ros.prefix_path.ament[0m [1;30mWARNING[0m [33mThe path '/media/drive_b/anandhu/ros2_ws_apr/install/ros2_control_demos' in the environment variable AMENT_PREFIX_PATH doesn't exist[0m
[0.758s] [34mcolcon.colcon_ros.prefix_path.ament[0m [1;30mWARNING[0m [33mThe path '/media/drive_b/anandhu/ros2_ws_apr/install/ros2_control_demo_example_2' in the environment variable AMENT_PREFIX_PATH doesn't exist[0m
[0.759s] [34mcolcon.colcon_ros.prefix_path.ament[0m [1;30mWARNING[0m [33mThe path '/media/drive_b/anandhu/ros2_ws_apr/install/ros2_control_demo_description' in the environment variable AMENT_PREFIX_PATH doesn't exist[0m
[0.759s] [34mcolcon.colcon_ros.prefix_path.ament[0m [1;30mWARNING[0m [33mThe path '/media/drive_b/anandhu/ros2_ws_apr/install/my_bot' in the environment variable AMENT_PREFIX_PATH doesn't exist[0m
[0.759s] [34mcolcon.colcon_ros.prefix_path.catkin[0m [1;30mWARNING[0m [33mThe path '/media/drive_b/anandhu/ros2_ws_apr/install/ros2_control_demos' in the environment variable CMAKE_PREFIX_PATH doesn't exist[0m
[0.759s] [34mcolcon.colcon_ros.prefix_path.catkin[0m [1;30mWARNING[0m [33mThe path '/media/drive_b/anandhu/ros2_ws_apr/install/ros2_control_demo_example_2' in the environment variable CMAKE_PREFIX_PATH doesn't exist[0m
[0.759s] [34mcolcon.colcon_ros.prefix_path.catkin[0m [1;30mWARNING[0m [33mThe path '/media/drive_b/anandhu/ros2_ws_apr/install/ros2_control_demo_description' in the environment variable CMAKE_PREFIX_PATH doesn't exist[0m
[0.759s] [34mcolcon.colcon_ros.prefix_path.catkin[0m [1;30mWARNING[0m [33mThe path '/media/drive_b/anandhu/ros2_ws_apr/install/my_bot' in the environment variable CMAKE_PREFIX_PATH doesn't exist[0m
[0.761s] [34mcolcon.colcon_installed_package_information.package_discovery[0m [1;30mDEBUG[0m [32mFound 1 installed packages in /media/drive_b/anandhu/ros2_ws_apr/install[0m
[0.764s] [34mcolcon.colcon_installed_package_information.package_discovery[0m [1;30mDEBUG[0m [32mFound 318 installed packages in /opt/ros/humble[0m
[0.766s] [34mcolcon.colcon_core.package_discovery[0m [1;30mLevel 1[0m discover_packages(prefix_path) using defaults
[0.860s] [34mcolcon.colcon_core.verb[0m [1;30mLevel 5[0m set package 'calixto-ros-bot' build argument 'cmake_args' from command line to 'None'
[0.860s] [34mcolcon.colcon_core.verb[0m [1;30mLevel 5[0m set package 'calixto-ros-bot' build argument 'cmake_target' from command line to 'None'
[0.860s] [34mcolcon.colcon_core.verb[0m [1;30mLevel 5[0m set package 'calixto-ros-bot' build argument 'cmake_target_skip_unavailable' from command line to 'False'
[0.860s] [34mcolcon.colcon_core.verb[0m [1;30mLevel 5[0m set package 'calixto-ros-bot' build argument 'cmake_clean_cache' from command line to 'False'
[0.860s] [34mcolcon.colcon_core.verb[0m [1;30mLevel 5[0m set package 'calixto-ros-bot' build argument 'cmake_clean_first' from command line to 'False'
[0.860s] [34mcolcon.colcon_core.verb[0m [1;30mLevel 5[0m set package 'calixto-ros-bot' build argument 'cmake_force_configure' from command line to 'False'
[0.860s] [34mcolcon.colcon_core.verb[0m [1;30mLevel 5[0m set package 'calixto-ros-bot' build argument 'ament_cmake_args' from command line to 'None'
[0.860s] [34mcolcon.colcon_core.verb[0m [1;30mLevel 5[0m set package 'calixto-ros-bot' build argument 'catkin_cmake_args' from command line to 'None'
[0.860s] [34mcolcon.colcon_core.verb[0m [1;30mLevel 5[0m set package 'calixto-ros-bot' build argument 'catkin_skip_building_tests' from command line to 'False'
[0.860s] [34mcolcon.colcon_core.verb[0m [1;30mDEBUG[0m [32mBuilding package 'calixto-ros-bot' with the following arguments: {'ament_cmake_args': None, 'build_base': '/media/drive_b/anandhu/ros2_ws_apr/src/calixto-ros-bot/build/calixto-ros-bot', 'catkin_cmake_args': None, 'catkin_skip_building_tests': False, 'cmake_args': None, 'cmake_clean_cache': False, 'cmake_clean_first': False, 'cmake_force_configure': False, 'cmake_target': None, 'cmake_target_skip_unavailable': False, 'install_base': '/media/drive_b/anandhu/ros2_ws_apr/src/calixto-ros-bot/install/calixto-ros-bot', 'merge_install': False, 'path': '/media/drive_b/anandhu/ros2_ws_apr/src/calixto-ros-bot', 'symlink_install': True, 'test_result_base': None}[0m
[0.861s] [34mcolcon.colcon_core.executor[0m [1;30mINFO[0m Executing jobs using 'parallel' executor
[0.862s] [34mcolcon.colcon_parallel_executor.executor.parallel[0m [1;30mDEBUG[0m [32mrun_until_complete[0m
[0.862s] [34mcolcon.colcon_ros.task.ament_cmake.build[0m [1;30mINFO[0m Building ROS package in '/media/drive_b/anandhu/ros2_ws_apr/src/calixto-ros-bot' with build type 'ament_cmake'
[0.863s] [34mcolcon.colcon_cmake.task.cmake.build[0m [1;30mINFO[0m Building CMake package in '/media/drive_b/anandhu/ros2_ws_apr/src/calixto-ros-bot'
[0.866s] [34mcolcon.colcon_core.plugin_system[0m [1;30mINFO[0m Skipping extension 'colcon_core.shell.bat': Not used on non-Windows systems
[0.866s] [34mcolcon.colcon_core.shell[0m [1;30mINFO[0m Skip shell extension 'powershell' for command environment: Not usable outside of PowerShell
[0.867s] [34mcolcon.colcon_core.shell[0m [1;30mDEBUG[0m [32mSkip shell extension 'dsv' for command environment[0m
[0.884s] [34mcolcon.colcon_core.event_handler.log_command[0m [1;30mDEBUG[0m [32mInvoking command in '/media/drive_b/anandhu/ros2_ws_apr/src/calixto-ros-bot/build/calixto-ros-bot': CMAKE_PREFIX_PATH=${CMAKE_PREFIX_PATH}:/opt/ros/humble _=/usr/bin/env /usr/local/bin/cmake /media/drive_b/anandhu/ros2_ws_apr/src/calixto-ros-bot -DAMENT_CMAKE_SYMLINK_INSTALL=1 -DCMAKE_INSTALL_PREFIX=/media/drive_b/anandhu/ros2_ws_apr/src/calixto-ros-bot/install/calixto-ros-bot[0m
[3.844s] [34mcolcon.colcon_core.event_handler.log_command[0m [1;30mDEBUG[0m [32mInvoked command in '/media/drive_b/anandhu/ros2_ws_apr/src/calixto-ros-bot/build/calixto-ros-bot' returned '0': CMAKE_PREFIX_PATH=${CMAKE_PREFIX_PATH}:/opt/ros/humble _=/usr/bin/env /usr/local/bin/cmake /media/drive_b/anandhu/ros2_ws_apr/src/calixto-ros-bot -DAMENT_CMAKE_SYMLINK_INSTALL=1 -DCMAKE_INSTALL_PREFIX=/media/drive_b/anandhu/ros2_ws_apr/src/calixto-ros-bot/install/calixto-ros-bot[0m
[3.847s] [34mcolcon.colcon_core.event_handler.log_command[0m [1;30mDEBUG[0m [32mInvoking command in '/media/drive_b/anandhu/ros2_ws_apr/src/calixto-ros-bot/build/calixto-ros-bot': CMAKE_PREFIX_PATH=${CMAKE_PREFIX_PATH}:/opt/ros/humble _=/usr/bin/env /usr/local/bin/cmake --build /media/drive_b/anandhu/ros2_ws_apr/src/calixto-ros-bot/build/calixto-ros-bot -- -j4 -l4[0m
[11.156s] [34mcolcon.colcon_core.event_handler.log_command[0m [1;30mDEBUG[0m [32mInvoked command in '/media/drive_b/anandhu/ros2_ws_apr/src/calixto-ros-bot/build/calixto-ros-bot' returned '0': CMAKE_PREFIX_PATH=${CMAKE_PREFIX_PATH}:/opt/ros/humble _=/usr/bin/env /usr/local/bin/cmake --build /media/drive_b/anandhu/ros2_ws_apr/src/calixto-ros-bot/build/calixto-ros-bot -- -j4 -l4[0m
[11.166s] [34mcolcon.colcon_core.event_handler.log_command[0m [1;30mDEBUG[0m [32mInvoking command in '/media/drive_b/anandhu/ros2_ws_apr/src/calixto-ros-bot/build/calixto-ros-bot': CMAKE_PREFIX_PATH=${CMAKE_PREFIX_PATH}:/opt/ros/humble _=/usr/bin/env /usr/local/bin/cmake --install /media/drive_b/anandhu/ros2_ws_apr/src/calixto-ros-bot/build/calixto-ros-bot[0m
[11.563s] [34mcolcon.colcon_core.environment[0m [1;30mLevel 1[0m create_environment_scripts_only(calixto-ros-bot)
[11.564s] [34mcolcon.colcon_core.event_handler.log_command[0m [1;30mDEBUG[0m [32mInvoked command in '/media/drive_b/anandhu/ros2_ws_apr/src/calixto-ros-bot/build/calixto-ros-bot' returned '0': CMAKE_PREFIX_PATH=${CMAKE_PREFIX_PATH}:/opt/ros/humble _=/usr/bin/env /usr/local/bin/cmake --install /media/drive_b/anandhu/ros2_ws_apr/src/calixto-ros-bot/build/calixto-ros-bot[0m
[11.568s] [34mcolcon.colcon_core.environment[0m [1;30mLevel 1[0m checking '/media/drive_b/anandhu/ros2_ws_apr/src/calixto-ros-bot/install/calixto-ros-bot' for CMake module files
[11.569s] [34mcolcon.colcon_core.environment[0m [1;30mLevel 1[0m checking '/media/drive_b/anandhu/ros2_ws_apr/src/calixto-ros-bot/install/calixto-ros-bot' for CMake config files
[11.570s] [34mcolcon.colcon_core.shell[0m [1;30mLevel 1[0m create_environment_hook('calixto-ros-bot', 'cmake_prefix_path')
[11.570s] [34mcolcon.colcon_core.shell[0m [1;30mINFO[0m Creating environment hook '/media/drive_b/anandhu/ros2_ws_apr/src/calixto-ros-bot/install/calixto-ros-bot/share/calixto-ros-bot/hook/cmake_prefix_path.ps1'
[11.572s] [34mcolcon.colcon_core.shell[0m [1;30mINFO[0m Creating environment descriptor '/media/drive_b/anandhu/ros2_ws_apr/src/calixto-ros-bot/install/calixto-ros-bot/share/calixto-ros-bot/hook/cmake_prefix_path.dsv'
[11.572s] [34mcolcon.colcon_core.shell[0m [1;30mINFO[0m Creating environment hook '/media/drive_b/anandhu/ros2_ws_apr/src/calixto-ros-bot/install/calixto-ros-bot/share/calixto-ros-bot/hook/cmake_prefix_path.sh'
[11.574s] [34mcolcon.colcon_core.environment[0m [1;30mLevel 1[0m checking '/media/drive_b/anandhu/ros2_ws_apr/src/calixto-ros-bot/install/calixto-ros-bot/lib'
[11.574s] [34mcolcon.colcon_core.environment[0m [1;30mLevel 1[0m checking '/media/drive_b/anandhu/ros2_ws_apr/src/calixto-ros-bot/install/calixto-ros-bot/bin'
[11.574s] [34mcolcon.colcon_core.environment[0m [1;30mLevel 1[0m checking '/media/drive_b/anandhu/ros2_ws_apr/src/calixto-ros-bot/install/calixto-ros-bot/lib/pkgconfig/calixto-ros-bot.pc'
[11.574s] [34mcolcon.colcon_core.environment[0m [1;30mLevel 1[0m checking '/media/drive_b/anandhu/ros2_ws_apr/src/calixto-ros-bot/install/calixto-ros-bot/lib/python3.10/site-packages'
[11.575s] [34mcolcon.colcon_core.environment[0m [1;30mLevel 1[0m checking '/media/drive_b/anandhu/ros2_ws_apr/src/calixto-ros-bot/install/calixto-ros-bot/bin'
[11.576s] [34mcolcon.colcon_core.shell[0m [1;30mINFO[0m Creating package script '/media/drive_b/anandhu/ros2_ws_apr/src/calixto-ros-bot/install/calixto-ros-bot/share/calixto-ros-bot/package.ps1'
[11.577s] [34mcolcon.colcon_core.shell[0m [1;30mINFO[0m Creating package descriptor '/media/drive_b/anandhu/ros2_ws_apr/src/calixto-ros-bot/install/calixto-ros-bot/share/calixto-ros-bot/package.dsv'
[11.578s] [34mcolcon.colcon_core.shell[0m [1;30mINFO[0m Creating package script '/media/drive_b/anandhu/ros2_ws_apr/src/calixto-ros-bot/install/calixto-ros-bot/share/calixto-ros-bot/package.sh'
[11.579s] [34mcolcon.colcon_core.shell[0m [1;30mINFO[0m Creating package script '/media/drive_b/anandhu/ros2_ws_apr/src/calixto-ros-bot/install/calixto-ros-bot/share/calixto-ros-bot/package.bash'
[11.580s] [34mcolcon.colcon_core.shell[0m [1;30mINFO[0m Creating package script '/media/drive_b/anandhu/ros2_ws_apr/src/calixto-ros-bot/install/calixto-ros-bot/share/calixto-ros-bot/package.zsh'
[11.581s] [34mcolcon.colcon_core.environment[0m [1;30mLevel 1[0m create_file_with_runtime_dependencies(/media/drive_b/anandhu/ros2_ws_apr/src/calixto-ros-bot/install/calixto-ros-bot/share/colcon-core/packages/calixto-ros-bot)
[11.582s] [34mcolcon.colcon_core.environment[0m [1;30mLevel 1[0m create_environment_scripts_only(calixto-ros-bot)
[11.583s] [34mcolcon.colcon_core.environment[0m [1;30mLevel 1[0m checking '/media/drive_b/anandhu/ros2_ws_apr/src/calixto-ros-bot/install/calixto-ros-bot' for CMake module files
[11.583s] [34mcolcon.colcon_core.environment[0m [1;30mLevel 1[0m checking '/media/drive_b/anandhu/ros2_ws_apr/src/calixto-ros-bot/install/calixto-ros-bot' for CMake config files
[11.585s] [34mcolcon.colcon_core.shell[0m [1;30mLevel 1[0m create_environment_hook('calixto-ros-bot', 'cmake_prefix_path')
[11.585s] [34mcolcon.colcon_core.shell[0m [1;30mINFO[0m Creating environment hook '/media/drive_b/anandhu/ros2_ws_apr/src/calixto-ros-bot/install/calixto-ros-bot/share/calixto-ros-bot/hook/cmake_prefix_path.ps1'
[11.586s] [34mcolcon.colcon_core.shell[0m [1;30mINFO[0m Creating environment descriptor '/media/drive_b/anandhu/ros2_ws_apr/src/calixto-ros-bot/install/calixto-ros-bot/share/calixto-ros-bot/hook/cmake_prefix_path.dsv'
[11.586s] [34mcolcon.colcon_core.shell[0m [1;30mINFO[0m Creating environment hook '/media/drive_b/anandhu/ros2_ws_apr/src/calixto-ros-bot/install/calixto-ros-bot/share/calixto-ros-bot/hook/cmake_prefix_path.sh'
[11.587s] [34mcolcon.colcon_core.environment[0m [1;30mLevel 1[0m checking '/media/drive_b/anandhu/ros2_ws_apr/src/calixto-ros-bot/install/calixto-ros-bot/lib'
[11.588s] [34mcolcon.colcon_core.environment[0m [1;30mLevel 1[0m checking '/media/drive_b/anandhu/ros2_ws_apr/src/calixto-ros-bot/install/calixto-ros-bot/bin'
[11.588s] [34mcolcon.colcon_core.environment[0m [1;30mLevel 1[0m checking '/media/drive_b/anandhu/ros2_ws_apr/src/calixto-ros-bot/install/calixto-ros-bot/lib/pkgconfig/calixto-ros-bot.pc'
[11.588s] [34mcolcon.colcon_core.environment[0m [1;30mLevel 1[0m checking '/media/drive_b/anandhu/ros2_ws_apr/src/calixto-ros-bot/install/calixto-ros-bot/lib/python3.10/site-packages'
[11.589s] [34mcolcon.colcon_core.environment[0m [1;30mLevel 1[0m checking '/media/drive_b/anandhu/ros2_ws_apr/src/calixto-ros-bot/install/calixto-ros-bot/bin'
[11.589s] [34mcolcon.colcon_core.shell[0m [1;30mINFO[0m Creating package script '/media/drive_b/anandhu/ros2_ws_apr/src/calixto-ros-bot/install/calixto-ros-bot/share/calixto-ros-bot/package.ps1'
[11.590s] [34mcolcon.colcon_core.shell[0m [1;30mINFO[0m Creating package descriptor '/media/drive_b/anandhu/ros2_ws_apr/src/calixto-ros-bot/install/calixto-ros-bot/share/calixto-ros-bot/package.dsv'
[11.591s] [34mcolcon.colcon_core.shell[0m [1;30mINFO[0m Creating package script '/media/drive_b/anandhu/ros2_ws_apr/src/calixto-ros-bot/install/calixto-ros-bot/share/calixto-ros-bot/package.sh'
[11.592s] [34mcolcon.colcon_core.shell[0m [1;30mINFO[0m Creating package script '/media/drive_b/anandhu/ros2_ws_apr/src/calixto-ros-bot/install/calixto-ros-bot/share/calixto-ros-bot/package.bash'
[11.592s] [34mcolcon.colcon_core.shell[0m [1;30mINFO[0m Creating package script '/media/drive_b/anandhu/ros2_ws_apr/src/calixto-ros-bot/install/calixto-ros-bot/share/calixto-ros-bot/package.zsh'
[11.593s] [34mcolcon.colcon_core.environment[0m [1;30mLevel 1[0m create_file_with_runtime_dependencies(/media/drive_b/anandhu/ros2_ws_apr/src/calixto-ros-bot/install/calixto-ros-bot/share/colcon-core/packages/calixto-ros-bot)
[11.593s] [34mcolcon.colcon_parallel_executor.executor.parallel[0m [1;30mDEBUG[0m [32mclosing loop[0m
[11.594s] [34mcolcon.colcon_parallel_executor.executor.parallel[0m [1;30mDEBUG[0m [32mloop closed[0m
[11.594s] [34mcolcon.colcon_parallel_executor.executor.parallel[0m [1;30mDEBUG[0m [32mrun_until_complete finished with '0'[0m
[11.595s] [34mcolcon.colcon_core.event_reactor[0m [1;30mDEBUG[0m [32mjoining thread[0m
[11.603s] [34mcolcon.colcon_core.plugin_system[0m [1;30mINFO[0m Skipping extension 'colcon_notification.desktop_notification.terminal_notifier': Not used on non-Darwin systems
[11.603s] [34mcolcon.colcon_core.plugin_system[0m [1;30mINFO[0m Skipping extension 'colcon_notification.desktop_notification.win32': Not used on non-Windows systems
[11.603s] [34mcolcon.colcon_notification.desktop_notification[0m [1;30mINFO[0m Sending desktop notification using 'notify2'
[11.621s] [34mcolcon.colcon_core.event_reactor[0m [1;30mDEBUG[0m [32mjoined thread[0m
[11.621s] [34mcolcon.colcon_core.shell[0m [1;30mINFO[0m Creating prefix script '/media/drive_b/anandhu/ros2_ws_apr/src/calixto-ros-bot/install/local_setup.ps1'
[11.623s] [34mcolcon.colcon_core.shell[0m [1;30mINFO[0m Creating prefix util module '/media/drive_b/anandhu/ros2_ws_apr/src/calixto-ros-bot/install/_local_setup_util_ps1.py'
[11.625s] [34mcolcon.colcon_core.shell[0m [1;30mINFO[0m Creating prefix chain script '/media/drive_b/anandhu/ros2_ws_apr/src/calixto-ros-bot/install/setup.ps1'
[11.627s] [34mcolcon.colcon_core.shell[0m [1;30mINFO[0m Creating prefix script '/media/drive_b/anandhu/ros2_ws_apr/src/calixto-ros-bot/install/local_setup.sh'
[11.628s] [34mcolcon.colcon_core.shell[0m [1;30mINFO[0m Creating prefix util module '/media/drive_b/anandhu/ros2_ws_apr/src/calixto-ros-bot/install/_local_setup_util_sh.py'
[11.629s] [34mcolcon.colcon_core.shell[0m [1;30mINFO[0m Creating prefix chain script '/media/drive_b/anandhu/ros2_ws_apr/src/calixto-ros-bot/install/setup.sh'
[11.630s] [34mcolcon.colcon_core.shell[0m [1;30mINFO[0m Creating prefix script '/media/drive_b/anandhu/ros2_ws_apr/src/calixto-ros-bot/install/local_setup.bash'
[11.631s] [34mcolcon.colcon_core.shell[0m [1;30mINFO[0m Creating prefix chain script '/media/drive_b/anandhu/ros2_ws_apr/src/calixto-ros-bot/install/setup.bash'
[11.633s] [34mcolcon.colcon_core.shell[0m [1;30mINFO[0m Creating prefix script '/media/drive_b/anandhu/ros2_ws_apr/src/calixto-ros-bot/install/local_setup.zsh'
[11.634s] [34mcolcon.colcon_core.shell[0m [1;30mINFO[0m Creating prefix chain script '/media/drive_b/anandhu/ros2_ws_apr/src/calixto-ros-bot/install/setup.zsh'
